[09:18:36] [main/INFO]: Setting user: bebe
[09:18:37] [Client thread/INFO]: LWJGL Version: 2.9.1
[09:18:45] [Client thread/INFO]: Reloading ResourceManager: Default, FMLFileResourcePack:Forge Mod Loader, FMLFileResourcePack:Minecraft Forge, FMLFileResourcePack:AutoInputMod
[09:18:45] [Sound Library Loader/INFO]: Sound engine started
[09:18:46] [Client thread/INFO]: Created: 16x16 textures/blocks-atlas
[09:18:46] [Client thread/INFO]: Created: 16x16 textures/items-atlas
[09:18:46] [Client thread/INFO]: Reloading ResourceManager: Default, FMLFileResourcePack:Forge Mod Loader, FMLFileResourcePack:Minecraft Forge, FMLFileResourcePack:AutoInputMod
[09:18:47] [Client thread/INFO]: Created: 512x256 textures/blocks-atlas
[09:18:47] [Client thread/INFO]: Created: 256x256 textures/items-atlas
[09:18:47] [Sound Library Loader/INFO]: Sound engine started
[09:18:51] [Server thread/INFO]: Starting integrated minecraft server version 1.7.10
[09:18:51] [Server thread/INFO]: Generating keypair
[09:18:51] [Server thread/INFO]: Preparing start region for level 0
[09:18:52] [Server thread/INFO]: Changing view distance to 12, from 10
[09:18:53] [Server thread/INFO]: bebe[local:E:638eda86] logged in with entity id 290 at (189.02454348271561, 70.0, -110.8552982075667)
[09:18:53] [Server thread/INFO]: bebe がゲームに参加しました
[09:19:11] [Server thread/INFO]: Saving and pausing game...
[09:19:11] [Server thread/INFO]: Saving chunks for level 'ExperimentalWorld'/Overworld
[09:19:11] [Server thread/INFO]: Saving chunks for level 'ExperimentalWorld'/Nether
[09:19:11] [Server thread/INFO]: Saving chunks for level 'ExperimentalWorld'/The End
[09:19:17] [Server thread/INFO]: Saving and pausing game...
[09:19:17] [Server thread/INFO]: Saving chunks for level 'ExperimentalWorld'/Overworld
[09:19:17] [Server thread/INFO]: Saving chunks for level 'ExperimentalWorld'/Nether
[09:19:17] [Server thread/INFO]: Saving chunks for level 'ExperimentalWorld'/The End
[09:20:01] [Server thread/INFO]: Saving and pausing game...
[09:20:01] [Server thread/INFO]: Saving chunks for level 'ExperimentalWorld'/Overworld
[09:20:01] [Server thread/INFO]: Saving chunks for level 'ExperimentalWorld'/Nether
[09:20:01] [Server thread/INFO]: Saving chunks for level 'ExperimentalWorld'/The End
[09:20:07] [Server thread/INFO]: [bebe: あなたのゲームモードをサバイバルモードに変更しました]
[09:20:07] [Client thread/INFO]: [CHAT] ゲームモードが変更されました
[09:20:08] [Server thread/INFO]: Saving and pausing game...
[09:20:08] [Server thread/INFO]: Saving chunks for level 'ExperimentalWorld'/Overworld
[09:20:08] [Server thread/INFO]: Saving chunks for level 'ExperimentalWorld'/Nether
[09:20:08] [Server thread/INFO]: Saving chunks for level 'ExperimentalWorld'/The End
[09:20:33] [Server thread/INFO]: Saving and pausing game...
[09:20:33] [Server thread/INFO]: Saving chunks for level 'ExperimentalWorld'/Overworld
[09:20:33] [Server thread/INFO]: Saving chunks for level 'ExperimentalWorld'/Nether
[09:20:33] [Server thread/INFO]: Saving chunks for level 'ExperimentalWorld'/The End
[09:20:39] [Server thread/INFO]: Saving and pausing game...
[09:20:39] [Server thread/INFO]: Saving chunks for level 'ExperimentalWorld'/Overworld
[09:20:39] [Server thread/INFO]: Saving chunks for level 'ExperimentalWorld'/Nether
[09:20:39] [Server thread/INFO]: Saving chunks for level 'ExperimentalWorld'/The End
[09:20:50] [Server thread/INFO]: Saving and pausing game...
[09:20:50] [Server thread/INFO]: Saving chunks for level 'ExperimentalWorld'/Overworld
[09:20:50] [Server thread/INFO]: Saving chunks for level 'ExperimentalWorld'/Nether
[09:20:50] [Server thread/INFO]: Saving chunks for level 'ExperimentalWorld'/The End
[09:21:02] [Server thread/INFO]: [bebe: あなたのゲームモードをサバイバルモードに変更しました]
[09:21:02] [Client thread/INFO]: [CHAT] ゲームモードが変更されました
[09:21:05] [Server thread/INFO]: [bebe: あなたのゲームモードをクリエイティブモードに変更しました]
[09:21:05] [Client thread/INFO]: [CHAT] ゲームモードが変更されました
[09:24:59] [Client thread/INFO]: Stopping!
[09:24:59] [Server thread/INFO]: Stopping server
[09:24:59] [Server thread/INFO]: Saving players
[09:24:59] [Server thread/INFO]: Saving worlds
[09:24:59] [Server thread/INFO]: Saving chunks for level 'ExperimentalWorld'/Overworld
[09:24:59] [Server thread/INFO]: Saving chunks for level 'ExperimentalWorld'/Nether
[09:24:59] [Server thread/INFO]: Saving chunks for level 'ExperimentalWorld'/The End
[09:25:00] [Client Shutdown Thread/INFO]: Stopping server
[09:25:00] [Client Shutdown Thread/INFO]: Saving players
